<?xml version="1.0" encoding="UTF-8"?>
<!-- Generated by org.testng.reporters.JUnitXMLReporter -->
<testsuite ignored="0" hostname="EC2AMAZ-58NV9MV" failures="2" tests="3" name="Surefire test" time="4.843" errors="0" timestamp="2022-11-23T07:11:39 UTC">
  <testcase classname="demotest.ConverterAPITest" name="ConvertDateToUnixTimeStamp" time="4.416">
    <failure type="java.lang.AssertionError" message="expected [200] but found [503]">
      <![CDATA[java.lang.AssertionError: expected [200] but found [503]
at demotest.ConverterAPITest.ConvertDateToUnixTimeStamp(ConverterAPITest.java:15)
at java.base/java.util.ArrayList.forEach(ArrayList.java:1511)
... Removed 36 stack frames]]>
    </failure>
  </testcase> <!-- ConvertDateToUnixTimeStamp -->
  <testcase classname="demotest.ConverterAPITest" name="ConvertInvalidDataToUnixTimeStamp" time="0.195"/>
  <testcase classname="demotest.ConverterAPITest" name="ConvertUnixTimeStampToDate" time="0.154">
    <failure type="java.lang.AssertionError" message="expected [200] but found [503]">
      <![CDATA[java.lang.AssertionError: expected [200] but found [503]
at demotest.ConverterAPITest.ConvertUnixTimeStampToDate(ConverterAPITest.java:24)
at java.base/java.util.ArrayList.forEach(ArrayList.java:1511)
... Removed 36 stack frames]]>
    </failure>
  </testcase> <!-- ConvertUnixTimeStampToDate -->
</testsuite> <!-- Surefire test -->
