<?xml version="1.0" encoding="UTF-8"?>
<testsuite xmlns:xsi="http://www.w3.org/2001/XMLSchema-instance" xsi:noNamespaceSchemaLocation="https://maven.apache.org/surefire/maven-surefire-plugin/xsd/surefire-test-report-3.0.xsd" version="3.0" name="demotest.SampleTest" time="5.489" tests="1" errors="0" skipped="0" failures="0">
  <properties>
[...]
</properties>
  <testcase name="ConvertDateToUnix" classname="demotest.SampleTest" time="4.764">
    <system-out><![CDATA[Read Response::
<!DOCTYPE HTML PUBLIC "-//IETF//DTD HTML 2.0//EN">
<html><head>
<title>503 Service Temporarily Unavailable</title>
<script src="/cdn-cgi/apps/head/d68TQN-2Nl9xNJpFHLNJ6Jj2TPo.js"></script></head><body>
<h1>HTTP/1.1 503 Service Temporarily Unavailable</h1>
<p>Reason: The Requested URL /api/unix-timestamp-converter/ is Service Temporarily Unavailable.</p>
<script>(function(){var js = "window['__CF$cv$params']={r:'76e0e5b938895b8e',m:'Tg_.NC..fJ5DnPiLcM_wYb2kFZJux2kxKmGbSLQnLRo-1669112057-0-ASADI6qmDAYJbHlelFesAMl5+TohmfGG5hZ08iL2GaYCPnXLYrS4ge470TWVUvT4dATPLungutUSlCksIIk2HfHNPgqld7zTRkYKesbn6LRIfgzsXxSzfadS6NBLcY0GKRcoSDZUqyYctmE2WRQgF/bK8NvUSKr8PXWFb8dFoTGHm8mOSmh6lsExUY3qJ8j9fNRQ0jJ1/4sLVQ0mhNCkvkA=',s:[0xba4ab9135c,0xc50b8d09ff],u:'/cdn-cgi/challenge-platform/h/b'};var now=Date.now()/1000,offset=14400,ts=''+(Math.floor(now)-Math.floor(now%offset)),_cpo=document.createElement('script');_cpo.nonce='',_cpo.src='/cdn-cgi/challenge-platform/h/b/scripts/alpha/invisible.js?ts='+ts,document.getElementsByTagName('head')[0].appendChild(_cpo);";var _0xh = document.createElement('iframe');_0xh.height = 1;_0xh.width = 1;_0xh.style.position = 'absolute';_0xh.style.top = 0;_0xh.style.left = 0;_0xh.style.border = 'none';_0xh.style.visibility = 'hidden';document.body.appendChild(_0xh);function handler() {var _0xi = _0xh.contentDocument || _0xh.contentWindow.document;if (_0xi) {var _0xj = _0xi.createElement('script');_0xj.nonce = '';_0xj.innerHTML = js;_0xi.getElementsByTagName('head')[0].appendChild(_0xj);}}if (document.readyState !== 'loading') {handler();} else if (window.addEventListener) {document.addEventListener('DOMContentLoaded', handler);} else {var prev = document.onreadystatechange || function () {};document.onreadystatechange = function (e) {prev(e);if (document.readyState !== 'loading') {document.onreadystatechange = prev;handler();}};}})();</script></body></html>
]]></system-out>
    <system-err><![CDATA[log4j:WARN No appenders could be found for logger (org.apache.http.impl.conn.BasicClientConnectionManager).
log4j:WARN Please initialize the log4j system properly.
log4j:WARN See http://logging.apache.org/log4j/1.2/faq.html#noconfig for more info.
]]></system-err>
  </testcase>
</testsuite>