<?xml version="1.0" encoding="UTF-8"?>
<testsuite xmlns:xsi="http://www.w3.org/2001/XMLSchema-instance" xsi:noNamespaceSchemaLocation="https://maven.apache.org/surefire/maven-surefire-plugin/xsd/surefire-test-report-3.0.xsd" version="3.0" name="demotest.ConverterAPITest" time="5.754" tests="3" errors="0" skipped="0" failures="2">
  <properties>
[...]
</properties>
  <testcase name="ConvertDateToUnixTimeStamp" classname="demotest.ConverterAPITest" time="4.566">
    <failure message="expected [200] but found [503]" type="java.lang.AssertionError"><![CDATA[java.lang.AssertionError: expected [200] but found [503]
	at demotest.ConverterAPITest.ConvertDateToUnixTimeStamp(ConverterAPITest.java:15)
]]></failure>
    <system-out><![CDATA[Read Response::
<!DOCTYPE HTML PUBLIC "-//IETF//DTD HTML 2.0//EN">
<html><head>
<title>503 Service Temporarily Unavailable</title>
<script src="/cdn-cgi/apps/head/d68TQN-2Nl9xNJpFHLNJ6Jj2TPo.js"></script></head><body>
<h1>HTTP/1.1 503 Service Temporarily Unavailable</h1>
<p>Reason: The Requested URL /api/unix-timestamp-converter/ is Service Temporarily Unavailable.</p>
<script>(function(){var js = "window['__CF$cv$params']={r:'76e8178e78afcf3c',m:'qytruG3mBly4BgB64ciM_eTYZhKHBFKnBOe0VR.XCik-1669187499-0-AWvuHCGXYcdHgb/QZHixjFKXgRpCaxQOtYTj7mgD0DKA/c8M3q8ukgNf+tpZT8JVvZ9wip9mdiUzpkl7fq+k1dl6sL9fC801np4fpzv+y/F3zx/Z3wYfg4JB+yrOD0GKuCJeEq7AiI8By80DijhAw4qpUCCxGPJ+hO9kUlqBGRK29CfFxv0nGFgjhbd0VroqTKLjglqz+6PxuunCEIBoPzo=',s:[0xe40825e7ab,0xdfe9cfedab],u:'/cdn-cgi/challenge-platform/h/b'};var now=Date.now()/1000,offset=14400,ts=''+(Math.floor(now)-Math.floor(now%offset)),_cpo=document.createElement('script');_cpo.nonce='',_cpo.src='/cdn-cgi/challenge-platform/h/b/scripts/alpha/invisible.js?ts='+ts,document.getElementsByTagName('head')[0].appendChild(_cpo);";var _0xh = document.createElement('iframe');_0xh.height = 1;_0xh.width = 1;_0xh.style.position = 'absolute';_0xh.style.top = 0;_0xh.style.left = 0;_0xh.style.border = 'none';_0xh.style.visibility = 'hidden';document.body.appendChild(_0xh);function handler() {var _0xi = _0xh.contentDocument || _0xh.contentWindow.document;if (_0xi) {var _0xj = _0xi.createElement('script');_0xj.nonce = '';_0xj.innerHTML = js;_0xi.getElementsByTagName('head')[0].appendChild(_0xj);}}if (document.readyState !== 'loading') {handler();} else if (window.addEventListener) {document.addEventListener('DOMContentLoaded', handler);} else {var prev = document.onreadystatechange || function () {};document.onreadystatechange = function (e) {prev(e);if (document.readyState !== 'loading') {document.onreadystatechange = prev;handler();}};}})();</script></body></html>
]]></system-out>
    <system-err><![CDATA[log4j:WARN No appenders could be found for logger (org.apache.http.impl.conn.BasicClientConnectionManager).
log4j:WARN Please initialize the log4j system properly.
log4j:WARN See http://logging.apache.org/log4j/1.2/faq.html#noconfig for more info.
]]></system-err>
  </testcase>
  <testcase name="ConvertInvalidDataToUnixTimeStamp" classname="demotest.ConverterAPITest" time="0.173">
    <system-out><![CDATA[Read Response::
<!DOCTYPE HTML PUBLIC "-//IETF//DTD HTML 2.0//EN">
<html><head>
<title>503 Service Temporarily Unavailable</title>
<script src="/cdn-cgi/apps/head/d68TQN-2Nl9xNJpFHLNJ6Jj2TPo.js"></script></head><body>
<h1>HTTP/1.1 503 Service Temporarily Unavailable</h1>
<p>Reason: The Requested URL /api/unix-timestamp-converter/ is Service Temporarily Unavailable.</p>
<script>(function(){var js = "window['__CF$cv$params']={r:'76e81790fb3a802d',m:'gqShN.jJYDOHEYyxEGohCaA47gT1oQZYpnG8xP79pJk-1669187499-0-ATTCWWFjZ0S1wfjLMyzNgdHgCkuqjMLSQFh/tXwGL8kpFiC+/M6/YB2+lIK79dozB/nTnpFR5x2u6nALYI/L34H8tCTFB+Fms+JjVmB6W52WIKqYkB/GItsT3Mjxa2TOUZJDyeNIrDEpX+V4LbOc7IqzcoYvsmHEKWHIeTu3WogS',s:[0x61730d43bf,0xf2c89986d7],u:'/cdn-cgi/challenge-platform/h/b'};var now=Date.now()/1000,offset=14400,ts=''+(Math.floor(now)-Math.floor(now%offset)),_cpo=document.createElement('script');_cpo.nonce='',_cpo.src='/cdn-cgi/challenge-platform/h/b/scripts/alpha/invisible.js?ts='+ts,document.getElementsByTagName('head')[0].appendChild(_cpo);";var _0xh = document.createElement('iframe');_0xh.height = 1;_0xh.width = 1;_0xh.style.position = 'absolute';_0xh.style.top = 0;_0xh.style.left = 0;_0xh.style.border = 'none';_0xh.style.visibility = 'hidden';document.body.appendChild(_0xh);function handler() {var _0xi = _0xh.contentDocument || _0xh.contentWindow.document;if (_0xi) {var _0xj = _0xi.createElement('script');_0xj.nonce = '';_0xj.innerHTML = js;_0xi.getElementsByTagName('head')[0].appendChild(_0xj);}}if (document.readyState !== 'loading') {handler();} else if (window.addEventListener) {document.addEventListener('DOMContentLoaded', handler);} else {var prev = document.onreadystatechange || function () {};document.onreadystatechange = function (e) {prev(e);if (document.readyState !== 'loading') {document.onreadystatechange = prev;handler();}};}})();</script></body></html>
]]></system-out>
  </testcase>
  <testcase name="ConvertUnixTimeStampToDate" classname="demotest.ConverterAPITest" time="0.13">
    <failure message="expected [200] but found [503]" type="java.lang.AssertionError"><![CDATA[java.lang.AssertionError: expected [200] but found [503]
	at demotest.ConverterAPITest.ConvertUnixTimeStampToDate(ConverterAPITest.java:24)
]]></failure>
    <system-out><![CDATA[Read Response::
<!DOCTYPE HTML PUBLIC "-//IETF//DTD HTML 2.0//EN">
<html><head>
<title>503 Service Temporarily Unavailable</title>
<script src="/cdn-cgi/apps/head/d68TQN-2Nl9xNJpFHLNJ6Jj2TPo.js"></script></head><body>
<h1>HTTP/1.1 503 Service Temporarily Unavailable</h1>
<p>Reason: The Requested URL /api/unix-timestamp-converter/ is Service Temporarily Unavailable.</p>
<script>(function(){var js = "window['__CF$cv$params']={r:'76e817920aa58251',m:'OoIK0zoOXj9SvqbxSbl1D53UMdkRREF4U6.X..0gwno-1669187499-0-AfyJGoOsolQtHDqrK7D7q7eybM4f9uJFKPAzsLLsSx1/AfoUCmzq9tciWshZsCZ+SCXAsXkWTqH9hznZKCIxYeLCVgaNLJoFCjRkRhNXndWIxAmlXtN0y/RxNS81kOLso5Ies7DLxTNCnpl3RbO0ThXf3d2UJCYcld0hv5PNYQD0svZ2745iqWLckIBAnVy1RA==',s:[0x13217ca1f9,0xa19035e202],u:'/cdn-cgi/challenge-platform/h/b'};var now=Date.now()/1000,offset=14400,ts=''+(Math.floor(now)-Math.floor(now%offset)),_cpo=document.createElement('script');_cpo.nonce='',_cpo.src='/cdn-cgi/challenge-platform/h/b/scripts/alpha/invisible.js?ts='+ts,document.getElementsByTagName('head')[0].appendChild(_cpo);";var _0xh = document.createElement('iframe');_0xh.height = 1;_0xh.width = 1;_0xh.style.position = 'absolute';_0xh.style.top = 0;_0xh.style.left = 0;_0xh.style.border = 'none';_0xh.style.visibility = 'hidden';document.body.appendChild(_0xh);function handler() {var _0xi = _0xh.contentDocument || _0xh.contentWindow.document;if (_0xi) {var _0xj = _0xi.createElement('script');_0xj.nonce = '';_0xj.innerHTML = js;_0xi.getElementsByTagName('head')[0].appendChild(_0xj);}}if (document.readyState !== 'loading') {handler();} else if (window.addEventListener) {document.addEventListener('DOMContentLoaded', handler);} else {var prev = document.onreadystatechange || function () {};document.onreadystatechange = function (e) {prev(e);if (document.readyState !== 'loading') {document.onreadystatechange = prev;handler();}};}})();</script></body></html>
]]></system-out>
  </testcase>
</testsuite>